<?xml version="1.0" encoding="UTF-8"?>
<!-- Generated by org.testng.reporters.JUnitReportReporter -->
<testsuite skipped="0" hostname="LAPTOP-OTFJK5R0" name="com.Testcases.LoginTest" tests="2" failures="0" timestamp="12 Aug 2020 05:51:47 GMT" time="7.731" errors="0">
  <testcase name="checktitle" time="0.060" classname="com.Testcases.LoginTest"/>
  <testcase name="Login_details" time="7.671" classname="com.Testcases.LoginTest"/>
</testsuite> <!-- com.Testcases.LoginTest -->
