<?xml version="1.0" encoding="UTF-8"?>
<!-- Generated by org.testng.reporters.JUnitReportReporter -->
<testsuite skipped="0" hostname="LAPTOP-OTFJK5R0" name="com.Testcases.HomeTest" tests="1" failures="0" timestamp="12 Aug 2020 05:51:47 GMT" time="2.833" errors="0">
  <testcase name="logout" time="2.833" classname="com.Testcases.HomeTest"/>
</testsuite> <!-- com.Testcases.HomeTest -->
