<?xml version="1.0" encoding="UTF-8"?>
<!-- Generated by org.testng.reporters.JUnitReportReporter -->
<testsuite skipped="0" hostname="LAPTOP-OTFJK5R0" name="com.Testcases.LoginTest" tests="2" failures="0" timestamp="11 Aug 2020 13:42:25 GMT" time="14.109" errors="0">
  <testcase name="Login_details" time="14.077" classname="com.Testcases.LoginTest"/>
  <testcase name="checktitle" time="0.032" classname="com.Testcases.LoginTest"/>
</testsuite> <!-- com.Testcases.LoginTest -->
